<?xml version="1.0" encoding="UTF-8"?>
<testng-results ignored="0" total="1" passed="1" failed="0" skipped="0">
  <reporter-output>
  </reporter-output>
  <suite started-at="2022-04-22T19:24:42 EDT" name="Default suite" finished-at="2022-04-22T19:24:46 EDT" duration-ms="4470">
    <groups>
    </groups>
    <test started-at="2022-04-22T19:24:42 EDT" name="Default test" finished-at="2022-04-22T19:24:46 EDT" duration-ms="4470">
      <class name="testscripts.TC1">
        <test-method is-config="true" signature="report()[pri:0, instance:testscripts.TC1@272113c4]" started-at="2022-04-22T19:24:42 EDT" name="report" finished-at="2022-04-22T19:24:42 EDT" duration-ms="132" status="PASS">
          <reporter-output>
          </reporter-output>
        </test-method> <!-- report -->
        <test-method is-config="true" signature="beforeClass()[pri:0, instance:testscripts.TC1@272113c4]" started-at="2022-04-22T19:24:42 EDT" name="beforeClass" finished-at="2022-04-22T19:24:44 EDT" duration-ms="1924" status="PASS">
          <reporter-output>
          </reporter-output>
        </test-method> <!-- beforeClass -->
        <test-method is-config="true" signature="method(java.lang.reflect.Method)[pri:0, instance:testscripts.TC1@272113c4]" started-at="2022-04-22T19:24:44 EDT" name="method" finished-at="2022-04-22T19:24:44 EDT" duration-ms="3" status="PASS">
          <params>
            <param index="0">
              <value>
                <![CDATA[public void testscripts.TC1.fLoginTC()]]>
              </value>
            </param>
          </params>
          <reporter-output>
          </reporter-output>
        </test-method> <!-- method -->
        <test-method signature="fLoginTC()[pri:0, instance:testscripts.TC1@272113c4]" started-at="2022-04-22T19:24:44 EDT" name="fLoginTC" finished-at="2022-04-22T19:24:46 EDT" duration-ms="2198" status="PASS">
          <reporter-output>
          </reporter-output>
        </test-method> <!-- fLoginTC -->
        <test-method is-config="true" signature="afterClass()[pri:0, instance:testscripts.TC1@272113c4]" started-at="2022-04-22T19:24:46 EDT" name="afterClass" finished-at="2022-04-22T19:24:46 EDT" duration-ms="189" status="PASS">
          <reporter-output>
          </reporter-output>
        </test-method> <!-- afterClass -->
      </class> <!-- testscripts.TC1 -->
    </test> <!-- Default test -->
  </suite> <!-- Default suite -->
</testng-results>
